2025-03-22 19:31:17 - Login attempt
2025-03-22 19:31:17 - POST: Array
(
    [username] => user123@gmail.com
    [pass] => 1234
)

2025-03-22 19:31:17 - Login successful for: user123@gmail.com
2025-03-24 06:33:37 - Login attempt
2025-03-24 06:33:37 - POST: Array
(
    [username] => user123@gmail.com
    [pass] => 1234
)

2025-03-24 06:33:37 - Login successful for: user123@gmail.com
2025-03-24 07:19:10 - Login attempt
2025-03-24 07:19:10 - POST: Array
(
    [username] => user123@gmail.com
    [pass] => 1234
)

2025-03-24 07:19:10 - Login successful for: user123@gmail.com
